[2026-04-09 15:05:32] ERROR bots.base.decorator 12896 [client_bot] Unhandled error in handler client_enter_name
Traceback (most recent call last):
  File "D:\projects\oscar-agro\bots\base\decorator.py", line 80, in wrapper
    await handler_func(sender, *args, **kwargs)
  File "D:\projects\oscar-agro\bots\client_bot\handlers\start.py", line 84, in client_enter_name
    async with state.data() as data:
               ~~~~~~~~~~^^
  File "D:\projects\oscar-agro\.venv\Lib\site-packages\telebot\states\sync\context.py", line 118, in data
    return self.bot.retrieve_data(
           ~~~~~~~~~~~~~~~~~~~~~~^
        chat_id=chat_id,
        ^^^^^^^^^^^^^^^^
    ...<3 lines>...
        message_thread_id=message_thread_id
        ^^^^^^^^^^^^^^^^^^^^^^^^^^^^^^^^^^^
    )
    ^
  File "D:\projects\oscar-agro\.venv\Lib\site-packages\telebot\async_telebot.py", line 9623, in retrieve_data
    return self.current_states.get_interactive_data(chat_id, user_id,
           ~~~~~~~~~~~~~~~~~~~~~~~~~~~~~~~~~~~~~~~~^^^^^^^^^^^^^^^^^^
        bot_id=bot_id, business_connection_id=business_connection_id, message_thread_id=message_thread_id)
        ^^^^^^^^^^^^^^^^^^^^^^^^^^^^^^^^^^^^^^^^^^^^^^^^^^^^^^^^^^^^^^^^^^^^^^^^^^^^^^^^^^^^^^^^^^^^^^^^^^
  File "D:\projects\oscar-agro\.venv\Lib\site-packages\telebot\asyncio_storage\base_storage.py", line 75, in get_interactive_data
    raise NotImplementedError
NotImplementedError
[2026-04-09 15:07:04] ERROR bots.base.decorator 12896 [client_bot] Unhandled error in handler client_enter_name
Traceback (most recent call last):
  File "D:\projects\oscar-agro\bots\base\decorator.py", line 80, in wrapper
    await handler_func(sender, *args, **kwargs)
  File "D:\projects\oscar-agro\bots\client_bot\handlers\start.py", line 84, in client_enter_name
    async with state.data() as data:
               ~~~~~~~~~~^^
  File "D:\projects\oscar-agro\.venv\Lib\site-packages\telebot\states\sync\context.py", line 118, in data
    return self.bot.retrieve_data(
           ~~~~~~~~~~~~~~~~~~~~~~^
        chat_id=chat_id,
        ^^^^^^^^^^^^^^^^
    ...<3 lines>...
        message_thread_id=message_thread_id
        ^^^^^^^^^^^^^^^^^^^^^^^^^^^^^^^^^^^
    )
    ^
  File "D:\projects\oscar-agro\.venv\Lib\site-packages\telebot\async_telebot.py", line 9623, in retrieve_data
    return self.current_states.get_interactive_data(chat_id, user_id,
           ~~~~~~~~~~~~~~~~~~~~~~~~~~~~~~~~~~~~~~~~^^^^^^^^^^^^^^^^^^
        bot_id=bot_id, business_connection_id=business_connection_id, message_thread_id=message_thread_id)
        ^^^^^^^^^^^^^^^^^^^^^^^^^^^^^^^^^^^^^^^^^^^^^^^^^^^^^^^^^^^^^^^^^^^^^^^^^^^^^^^^^^^^^^^^^^^^^^^^^^
  File "D:\projects\oscar-agro\.venv\Lib\site-packages\telebot\asyncio_storage\base_storage.py", line 75, in get_interactive_data
    raise NotImplementedError
NotImplementedError
[2026-04-09 15:10:41] ERROR bots.base.decorator 12896 [client_bot] Unhandled error in handler client_enter_name
Traceback (most recent call last):
  File "D:\projects\oscar-agro\bots\base\decorator.py", line 80, in wrapper
    await handler_func(sender, *args, **kwargs)
  File "D:\projects\oscar-agro\bots\client_bot\handlers\start.py", line 84, in client_enter_name
    async with state.data() as data:
               ~~~~~~~~~~^^
  File "D:\projects\oscar-agro\.venv\Lib\site-packages\telebot\states\sync\context.py", line 118, in data
    return self.bot.retrieve_data(
           ~~~~~~~~~~~~~~~~~~~~~~^
        chat_id=chat_id,
        ^^^^^^^^^^^^^^^^
    ...<3 lines>...
        message_thread_id=message_thread_id
        ^^^^^^^^^^^^^^^^^^^^^^^^^^^^^^^^^^^
    )
    ^
  File "D:\projects\oscar-agro\.venv\Lib\site-packages\telebot\async_telebot.py", line 9623, in retrieve_data
    return self.current_states.get_interactive_data(chat_id, user_id,
           ~~~~~~~~~~~~~~~~~~~~~~~~~~~~~~~~~~~~~~~~^^^^^^^^^^^^^^^^^^
        bot_id=bot_id, business_connection_id=business_connection_id, message_thread_id=message_thread_id)
        ^^^^^^^^^^^^^^^^^^^^^^^^^^^^^^^^^^^^^^^^^^^^^^^^^^^^^^^^^^^^^^^^^^^^^^^^^^^^^^^^^^^^^^^^^^^^^^^^^^
  File "D:\projects\oscar-agro\.venv\Lib\site-packages\telebot\asyncio_storage\base_storage.py", line 75, in get_interactive_data
    raise NotImplementedError
NotImplementedError
[2026-04-09 15:13:36] ERROR bots.base.decorator 62860 [client_bot] Unhandled error in handler client_start
Traceback (most recent call last):
  File "D:\projects\oscar-agro\bots\base\decorator.py", line 80, in wrapper
    await handler_func(sender, *args, **kwargs)
  File "D:\projects\oscar-agro\bots\client_bot\handlers\start.py", line 26, in client_start
    await state.delete()
  File "D:\projects\oscar-agro\.venv\Lib\site-packages\telebot\async_telebot.py", line 9592, in delete_state
    return await self.current_states.delete_state(chat_id, user_id,
           ^^^^^^^^^^^^^^^^^^^^^^^^^^^^^^^^^^^^^^^^^^^^^^^^^^^^^^^^
        bot_id=bot_id, business_connection_id=business_connection_id, message_thread_id=message_thread_id)
        ^^^^^^^^^^^^^^^^^^^^^^^^^^^^^^^^^^^^^^^^^^^^^^^^^^^^^^^^^^^^^^^^^^^^^^^^^^^^^^^^^^^^^^^^^^^^^^^^^^
  File "D:\projects\oscar-agro\.venv\Lib\site-packages\telebot\asyncio_storage\redis_storage.py", line 169, in delete_state
    result = await self.redis.delete(_key)
             ^^^^^^^^^^^^^^^^^^^^^^^^^^^^^
  File "D:\projects\oscar-agro\.venv\Lib\site-packages\redis\asyncio\client.py", line 764, in execute_command
    conn = self.connection or await pool.get_connection()
                              ^^^^^^^^^^^^^^^^^^^^^^^^^^^
  File "D:\projects\oscar-agro\.venv\Lib\site-packages\redis\utils.py", line 227, in async_wrapper
    return await func(*args, **kwargs)
           ^^^^^^^^^^^^^^^^^^^^^^^^^^^
  File "D:\projects\oscar-agro\.venv\Lib\site-packages\redis\asyncio\connection.py", line 1448, in get_connection
    await self.ensure_connection(connection)
  File "D:\projects\oscar-agro\.venv\Lib\site-packages\redis\asyncio\connection.py", line 1489, in ensure_connection
    await connection.connect()
  File "D:\projects\oscar-agro\.venv\Lib\site-packages\redis\asyncio\connection.py", line 340, in connect
    await self.retry.call_with_retry(
    ...<7 lines>...
    )
  File "D:\projects\oscar-agro\.venv\Lib\site-packages\redis\asyncio\retry.py", line 81, in call_with_retry
    raise error
  File "D:\projects\oscar-agro\.venv\Lib\site-packages\redis\asyncio\retry.py", line 69, in call_with_retry
    return await do()
           ^^^^^^^^^^
  File "D:\projects\oscar-agro\.venv\Lib\site-packages\redis\asyncio\connection.py", line 404, in connect_check_health
    await self.on_connect_check_health(check_health=check_health)
  File "D:\projects\oscar-agro\.venv\Lib\site-packages\redis\asyncio\connection.py", line 493, in on_connect_check_health
    auth_response = await self.read_response()
                    ^^^^^^^^^^^^^^^^^^^^^^^^^^
  File "D:\projects\oscar-agro\.venv\Lib\site-packages\redis\asyncio\connection.py", line 734, in read_response
    response = await self._parser.read_response(
               ^^^^^^^^^^^^^^^^^^^^^^^^^^^^^^^^^
        disable_decoding=disable_decoding
        ^^^^^^^^^^^^^^^^^^^^^^^^^^^^^^^^^
    )
    ^
  File "D:\projects\oscar-agro\.venv\Lib\site-packages\redis\_parsers\resp2.py", line 82, in read_response
    response = await self._read_response(disable_decoding=disable_decoding)
               ^^^^^^^^^^^^^^^^^^^^^^^^^^^^^^^^^^^^^^^^^^^^^^^^^^^^^^^^^^^^
  File "D:\projects\oscar-agro\.venv\Lib\site-packages\redis\_parsers\resp2.py", line 102, in _read_response
    raise error
redis.exceptions.AuthenticationError: AUTH <password> called without any password configured for the default user. Are you sure your configuration is correct?
[2026-04-09 15:13:40] ERROR bots.base.decorator 62860 [client_bot] Unhandled error in handler client_start
Traceback (most recent call last):
  File "D:\projects\oscar-agro\bots\base\decorator.py", line 80, in wrapper
    await handler_func(sender, *args, **kwargs)
  File "D:\projects\oscar-agro\bots\client_bot\handlers\start.py", line 26, in client_start
    await state.delete()
  File "D:\projects\oscar-agro\.venv\Lib\site-packages\telebot\async_telebot.py", line 9592, in delete_state
    return await self.current_states.delete_state(chat_id, user_id,
           ^^^^^^^^^^^^^^^^^^^^^^^^^^^^^^^^^^^^^^^^^^^^^^^^^^^^^^^^
        bot_id=bot_id, business_connection_id=business_connection_id, message_thread_id=message_thread_id)
        ^^^^^^^^^^^^^^^^^^^^^^^^^^^^^^^^^^^^^^^^^^^^^^^^^^^^^^^^^^^^^^^^^^^^^^^^^^^^^^^^^^^^^^^^^^^^^^^^^^
  File "D:\projects\oscar-agro\.venv\Lib\site-packages\telebot\asyncio_storage\redis_storage.py", line 169, in delete_state
    result = await self.redis.delete(_key)
             ^^^^^^^^^^^^^^^^^^^^^^^^^^^^^
  File "D:\projects\oscar-agro\.venv\Lib\site-packages\redis\asyncio\client.py", line 764, in execute_command
    conn = self.connection or await pool.get_connection()
                              ^^^^^^^^^^^^^^^^^^^^^^^^^^^
  File "D:\projects\oscar-agro\.venv\Lib\site-packages\redis\utils.py", line 227, in async_wrapper
    return await func(*args, **kwargs)
           ^^^^^^^^^^^^^^^^^^^^^^^^^^^
  File "D:\projects\oscar-agro\.venv\Lib\site-packages\redis\asyncio\connection.py", line 1448, in get_connection
    await self.ensure_connection(connection)
  File "D:\projects\oscar-agro\.venv\Lib\site-packages\redis\asyncio\connection.py", line 1489, in ensure_connection
    await connection.connect()
  File "D:\projects\oscar-agro\.venv\Lib\site-packages\redis\asyncio\connection.py", line 340, in connect
    await self.retry.call_with_retry(
    ...<7 lines>...
    )
  File "D:\projects\oscar-agro\.venv\Lib\site-packages\redis\asyncio\retry.py", line 81, in call_with_retry
    raise error
  File "D:\projects\oscar-agro\.venv\Lib\site-packages\redis\asyncio\retry.py", line 69, in call_with_retry
    return await do()
           ^^^^^^^^^^
  File "D:\projects\oscar-agro\.venv\Lib\site-packages\redis\asyncio\connection.py", line 404, in connect_check_health
    await self.on_connect_check_health(check_health=check_health)
  File "D:\projects\oscar-agro\.venv\Lib\site-packages\redis\asyncio\connection.py", line 493, in on_connect_check_health
    auth_response = await self.read_response()
                    ^^^^^^^^^^^^^^^^^^^^^^^^^^
  File "D:\projects\oscar-agro\.venv\Lib\site-packages\redis\asyncio\connection.py", line 734, in read_response
    response = await self._parser.read_response(
               ^^^^^^^^^^^^^^^^^^^^^^^^^^^^^^^^^
        disable_decoding=disable_decoding
        ^^^^^^^^^^^^^^^^^^^^^^^^^^^^^^^^^
    )
    ^
  File "D:\projects\oscar-agro\.venv\Lib\site-packages\redis\_parsers\resp2.py", line 82, in read_response
    response = await self._read_response(disable_decoding=disable_decoding)
               ^^^^^^^^^^^^^^^^^^^^^^^^^^^^^^^^^^^^^^^^^^^^^^^^^^^^^^^^^^^^
  File "D:\projects\oscar-agro\.venv\Lib\site-packages\redis\_parsers\resp2.py", line 102, in _read_response
    raise error
redis.exceptions.AuthenticationError: AUTH <password> called without any password configured for the default user. Are you sure your configuration is correct?
[2026-04-09 15:13:46] INFO bots.views 62644 [client_bot] Duplicate update_id=840104123, skipping
[2026-04-09 15:27:09] ERROR bots.base.decorator 62148 [main_bot] Unhandled error in handler admin_broadcast_confirm
Traceback (most recent call last):
  File "D:\projects\oscar-agro\bots\base\decorator.py", line 80, in wrapper
    await handler_func(sender, *args, **kwargs)
  File "D:\projects\oscar-agro\bots\main_bot\handlers\admin.py", line 331, in admin_broadcast_confirm
    async with state.data() as data:
               ~~~~~~~~~~^^
  File "D:\projects\oscar-agro\.venv\Lib\site-packages\telebot\states\sync\context.py", line 118, in data
    return self.bot.retrieve_data(
           ~~~~~~~~~~~~~~~~~~~~~~^
        chat_id=chat_id,
        ^^^^^^^^^^^^^^^^
    ...<3 lines>...
        message_thread_id=message_thread_id
        ^^^^^^^^^^^^^^^^^^^^^^^^^^^^^^^^^^^
    )
    ^
  File "D:\projects\oscar-agro\.venv\Lib\site-packages\telebot\async_telebot.py", line 9623, in retrieve_data
    return self.current_states.get_interactive_data(chat_id, user_id,
           ~~~~~~~~~~~~~~~~~~~~~~~~~~~~~~~~~~~~~~~~^^^^^^^^^^^^^^^^^^
        bot_id=bot_id, business_connection_id=business_connection_id, message_thread_id=message_thread_id)
        ^^^^^^^^^^^^^^^^^^^^^^^^^^^^^^^^^^^^^^^^^^^^^^^^^^^^^^^^^^^^^^^^^^^^^^^^^^^^^^^^^^^^^^^^^^^^^^^^^^
  File "D:\projects\oscar-agro\.venv\Lib\site-packages\telebot\asyncio_storage\base_storage.py", line 75, in get_interactive_data
    raise NotImplementedError
NotImplementedError
[2026-04-10 16:09:49] ERROR bots.base.decorator 54968 [client_bot] Unhandled error in handler client_start
Traceback (most recent call last):
  File "D:\projects\oscar-agro\.venv\Lib\site-packages\redis\asyncio\connection.py", line 669, in send_packed_command
    self._writer.writelines(command)
    ~~~~~~~~~~~~~~~~~~~~~~~^^^^^^^^^
  File "C:\Users\User\AppData\Local\Python\pythoncore-3.14-64\Lib\asyncio\streams.py", line 343, in writelines
    self._transport.writelines(data)
    ~~~~~~~~~~~~~~~~~~~~~~~~~~^^^^^^
  File "C:\Users\User\AppData\Local\Python\pythoncore-3.14-64\Lib\asyncio\transports.py", line 123, in writelines
    self.write(data)
    ~~~~~~~~~~^^^^^^
  File "C:\Users\User\AppData\Local\Python\pythoncore-3.14-64\Lib\asyncio\proactor_events.py", line 366, in write
    self._loop_writing(data=bytes(data))
    ~~~~~~~~~~~~~~~~~~^^^^^^^^^^^^^^^^^^
  File "C:\Users\User\AppData\Local\Python\pythoncore-3.14-64\Lib\asyncio\proactor_events.py", line 402, in _loop_writing
    self._write_fut = self._loop._proactor.send(self._sock, data)
                      ^^^^^^^^^^^^^^^^^^^^^^^^^
AttributeError: 'NoneType' object has no attribute 'send'

During handling of the above exception, another exception occurred:

Traceback (most recent call last):
  File "D:\projects\oscar-agro\bots\base\decorator.py", line 80, in wrapper
    await handler_func(sender, *args, **kwargs)
  File "D:\projects\oscar-agro\bots\client_bot\handlers\start.py", line 26, in client_start
    await state.delete()
  File "D:\projects\oscar-agro\.venv\Lib\site-packages\telebot\async_telebot.py", line 9592, in delete_state
    return await self.current_states.delete_state(chat_id, user_id,
           ^^^^^^^^^^^^^^^^^^^^^^^^^^^^^^^^^^^^^^^^^^^^^^^^^^^^^^^^
        bot_id=bot_id, business_connection_id=business_connection_id, message_thread_id=message_thread_id)
        ^^^^^^^^^^^^^^^^^^^^^^^^^^^^^^^^^^^^^^^^^^^^^^^^^^^^^^^^^^^^^^^^^^^^^^^^^^^^^^^^^^^^^^^^^^^^^^^^^^
  File "D:\projects\oscar-agro\.venv\Lib\site-packages\telebot\asyncio_storage\redis_storage.py", line 169, in delete_state
    result = await self.redis.delete(_key)
             ^^^^^^^^^^^^^^^^^^^^^^^^^^^^^
  File "D:\projects\oscar-agro\.venv\Lib\site-packages\redis\asyncio\client.py", line 781, in execute_command
    result = await conn.retry.call_with_retry(
             ^^^^^^^^^^^^^^^^^^^^^^^^^^^^^^^^^
    ...<5 lines>...
    )
    ^
  File "D:\projects\oscar-agro\.venv\Lib\site-packages\redis\asyncio\retry.py", line 69, in call_with_retry
    return await do()
           ^^^^^^^^^^
  File "D:\projects\oscar-agro\.venv\Lib\site-packages\redis\asyncio\client.py", line 721, in _send_command_parse_response
    await conn.send_command(*args)
  File "D:\projects\oscar-agro\.venv\Lib\site-packages\redis\asyncio\connection.py", line 694, in send_command
    await self.send_packed_command(
        self.pack_command(*args), check_health=kwargs.get("check_health", True)
    )
  File "D:\projects\oscar-agro\.venv\Lib\site-packages\redis\asyncio\connection.py", line 689, in send_packed_command
    await self.disconnect(nowait=True)
  File "D:\projects\oscar-agro\.venv\Lib\site-packages\redis\asyncio\connection.py", line 585, in disconnect
    self._writer.close()  # type: ignore[union-attr]
    ~~~~~~~~~~~~~~~~~~^^
  File "C:\Users\User\AppData\Local\Python\pythoncore-3.14-64\Lib\asyncio\streams.py", line 352, in close
    return self._transport.close()
           ~~~~~~~~~~~~~~~~~~~~~^^
  File "C:\Users\User\AppData\Local\Python\pythoncore-3.14-64\Lib\asyncio\proactor_events.py", line 109, in close
    self._loop.call_soon(self._call_connection_lost, None)
    ~~~~~~~~~~~~~~~~~~~~^^^^^^^^^^^^^^^^^^^^^^^^^^^^^^^^^^
  File "C:\Users\User\AppData\Local\Python\pythoncore-3.14-64\Lib\asyncio\base_events.py", line 827, in call_soon
    self._check_closed()
    ~~~~~~~~~~~~~~~~~~^^
  File "C:\Users\User\AppData\Local\Python\pythoncore-3.14-64\Lib\asyncio\base_events.py", line 550, in _check_closed
    raise RuntimeError('Event loop is closed')
RuntimeError: Event loop is closed
[2026-04-10 16:09:54] ERROR bots.base.decorator 54968 [client_bot] Unhandled error in handler client_start
Traceback (most recent call last):
  File "D:\projects\oscar-agro\.venv\Lib\site-packages\redis\asyncio\connection.py", line 669, in send_packed_command
    self._writer.writelines(command)
    ~~~~~~~~~~~~~~~~~~~~~~~^^^^^^^^^
  File "C:\Users\User\AppData\Local\Python\pythoncore-3.14-64\Lib\asyncio\streams.py", line 343, in writelines
    self._transport.writelines(data)
    ~~~~~~~~~~~~~~~~~~~~~~~~~~^^^^^^
  File "C:\Users\User\AppData\Local\Python\pythoncore-3.14-64\Lib\asyncio\transports.py", line 123, in writelines
    self.write(data)
    ~~~~~~~~~~^^^^^^
  File "C:\Users\User\AppData\Local\Python\pythoncore-3.14-64\Lib\asyncio\proactor_events.py", line 366, in write
    self._loop_writing(data=bytes(data))
    ~~~~~~~~~~~~~~~~~~^^^^^^^^^^^^^^^^^^
  File "C:\Users\User\AppData\Local\Python\pythoncore-3.14-64\Lib\asyncio\proactor_events.py", line 402, in _loop_writing
    self._write_fut = self._loop._proactor.send(self._sock, data)
                      ^^^^^^^^^^^^^^^^^^^^^^^^^
AttributeError: 'NoneType' object has no attribute 'send'

During handling of the above exception, another exception occurred:

Traceback (most recent call last):
  File "D:\projects\oscar-agro\bots\base\decorator.py", line 80, in wrapper
    await handler_func(sender, *args, **kwargs)
  File "D:\projects\oscar-agro\bots\client_bot\handlers\start.py", line 26, in client_start
    await state.delete()
  File "D:\projects\oscar-agro\.venv\Lib\site-packages\telebot\async_telebot.py", line 9592, in delete_state
    return await self.current_states.delete_state(chat_id, user_id,
           ^^^^^^^^^^^^^^^^^^^^^^^^^^^^^^^^^^^^^^^^^^^^^^^^^^^^^^^^
        bot_id=bot_id, business_connection_id=business_connection_id, message_thread_id=message_thread_id)
        ^^^^^^^^^^^^^^^^^^^^^^^^^^^^^^^^^^^^^^^^^^^^^^^^^^^^^^^^^^^^^^^^^^^^^^^^^^^^^^^^^^^^^^^^^^^^^^^^^^
  File "D:\projects\oscar-agro\.venv\Lib\site-packages\telebot\asyncio_storage\redis_storage.py", line 169, in delete_state
    result = await self.redis.delete(_key)
             ^^^^^^^^^^^^^^^^^^^^^^^^^^^^^
  File "D:\projects\oscar-agro\.venv\Lib\site-packages\redis\asyncio\client.py", line 781, in execute_command
    result = await conn.retry.call_with_retry(
             ^^^^^^^^^^^^^^^^^^^^^^^^^^^^^^^^^
    ...<5 lines>...
    )
    ^
  File "D:\projects\oscar-agro\.venv\Lib\site-packages\redis\asyncio\retry.py", line 69, in call_with_retry
    return await do()
           ^^^^^^^^^^
  File "D:\projects\oscar-agro\.venv\Lib\site-packages\redis\asyncio\client.py", line 721, in _send_command_parse_response
    await conn.send_command(*args)
  File "D:\projects\oscar-agro\.venv\Lib\site-packages\redis\asyncio\connection.py", line 694, in send_command
    await self.send_packed_command(
        self.pack_command(*args), check_health=kwargs.get("check_health", True)
    )
  File "D:\projects\oscar-agro\.venv\Lib\site-packages\redis\asyncio\connection.py", line 689, in send_packed_command
    await self.disconnect(nowait=True)
  File "D:\projects\oscar-agro\.venv\Lib\site-packages\redis\asyncio\connection.py", line 585, in disconnect
    self._writer.close()  # type: ignore[union-attr]
    ~~~~~~~~~~~~~~~~~~^^
  File "C:\Users\User\AppData\Local\Python\pythoncore-3.14-64\Lib\asyncio\streams.py", line 352, in close
    return self._transport.close()
           ~~~~~~~~~~~~~~~~~~~~~^^
  File "C:\Users\User\AppData\Local\Python\pythoncore-3.14-64\Lib\asyncio\proactor_events.py", line 109, in close
    self._loop.call_soon(self._call_connection_lost, None)
    ~~~~~~~~~~~~~~~~~~~~^^^^^^^^^^^^^^^^^^^^^^^^^^^^^^^^^^
  File "C:\Users\User\AppData\Local\Python\pythoncore-3.14-64\Lib\asyncio\base_events.py", line 827, in call_soon
    self._check_closed()
    ~~~~~~~~~~~~~~~~~~^^
  File "C:\Users\User\AppData\Local\Python\pythoncore-3.14-64\Lib\asyncio\base_events.py", line 550, in _check_closed
    raise RuntimeError('Event loop is closed')
RuntimeError: Event loop is closed
[2026-04-10 16:30:35] ERROR bots.base.decorator 61992 [client_bot] Unhandled error in handler client_orders_menu
Traceback (most recent call last):
  File "D:\projects\oscar-agro\.venv\Lib\site-packages\redis\asyncio\connection.py", line 669, in send_packed_command
    self._writer.writelines(command)
    ~~~~~~~~~~~~~~~~~~~~~~~^^^^^^^^^
  File "C:\Users\User\AppData\Local\Python\pythoncore-3.14-64\Lib\asyncio\streams.py", line 343, in writelines
    self._transport.writelines(data)
    ~~~~~~~~~~~~~~~~~~~~~~~~~~^^^^^^
  File "C:\Users\User\AppData\Local\Python\pythoncore-3.14-64\Lib\asyncio\transports.py", line 123, in writelines
    self.write(data)
    ~~~~~~~~~~^^^^^^
  File "C:\Users\User\AppData\Local\Python\pythoncore-3.14-64\Lib\asyncio\proactor_events.py", line 366, in write
    self._loop_writing(data=bytes(data))
    ~~~~~~~~~~~~~~~~~~^^^^^^^^^^^^^^^^^^
  File "C:\Users\User\AppData\Local\Python\pythoncore-3.14-64\Lib\asyncio\proactor_events.py", line 402, in _loop_writing
    self._write_fut = self._loop._proactor.send(self._sock, data)
                      ^^^^^^^^^^^^^^^^^^^^^^^^^
AttributeError: 'NoneType' object has no attribute 'send'

During handling of the above exception, another exception occurred:

Traceback (most recent call last):
  File "D:\projects\oscar-agro\bots\base\decorator.py", line 80, in wrapper
    await handler_func(sender, *args, **kwargs)
  File "D:\projects\oscar-agro\bots\client_bot\handlers\orders.py", line 43, in client_orders_menu
    await state.delete()
  File "D:\projects\oscar-agro\.venv\Lib\site-packages\telebot\async_telebot.py", line 9592, in delete_state
    return await self.current_states.delete_state(chat_id, user_id,
           ^^^^^^^^^^^^^^^^^^^^^^^^^^^^^^^^^^^^^^^^^^^^^^^^^^^^^^^^
        bot_id=bot_id, business_connection_id=business_connection_id, message_thread_id=message_thread_id)
        ^^^^^^^^^^^^^^^^^^^^^^^^^^^^^^^^^^^^^^^^^^^^^^^^^^^^^^^^^^^^^^^^^^^^^^^^^^^^^^^^^^^^^^^^^^^^^^^^^^
  File "D:\projects\oscar-agro\.venv\Lib\site-packages\telebot\asyncio_storage\redis_storage.py", line 169, in delete_state
    result = await self.redis.delete(_key)
             ^^^^^^^^^^^^^^^^^^^^^^^^^^^^^
  File "D:\projects\oscar-agro\.venv\Lib\site-packages\redis\asyncio\client.py", line 781, in execute_command
    result = await conn.retry.call_with_retry(
             ^^^^^^^^^^^^^^^^^^^^^^^^^^^^^^^^^
    ...<5 lines>...
    )
    ^
  File "D:\projects\oscar-agro\.venv\Lib\site-packages\redis\asyncio\retry.py", line 69, in call_with_retry
    return await do()
           ^^^^^^^^^^
  File "D:\projects\oscar-agro\.venv\Lib\site-packages\redis\asyncio\client.py", line 721, in _send_command_parse_response
    await conn.send_command(*args)
  File "D:\projects\oscar-agro\.venv\Lib\site-packages\redis\asyncio\connection.py", line 694, in send_command
    await self.send_packed_command(
        self.pack_command(*args), check_health=kwargs.get("check_health", True)
    )
  File "D:\projects\oscar-agro\.venv\Lib\site-packages\redis\asyncio\connection.py", line 689, in send_packed_command
    await self.disconnect(nowait=True)
  File "D:\projects\oscar-agro\.venv\Lib\site-packages\redis\asyncio\connection.py", line 585, in disconnect
    self._writer.close()  # type: ignore[union-attr]
    ~~~~~~~~~~~~~~~~~~^^
  File "C:\Users\User\AppData\Local\Python\pythoncore-3.14-64\Lib\asyncio\streams.py", line 352, in close
    return self._transport.close()
           ~~~~~~~~~~~~~~~~~~~~~^^
  File "C:\Users\User\AppData\Local\Python\pythoncore-3.14-64\Lib\asyncio\proactor_events.py", line 109, in close
    self._loop.call_soon(self._call_connection_lost, None)
    ~~~~~~~~~~~~~~~~~~~~^^^^^^^^^^^^^^^^^^^^^^^^^^^^^^^^^^
  File "C:\Users\User\AppData\Local\Python\pythoncore-3.14-64\Lib\asyncio\base_events.py", line 827, in call_soon
    self._check_closed()
    ~~~~~~~~~~~~~~~~~~^^
  File "C:\Users\User\AppData\Local\Python\pythoncore-3.14-64\Lib\asyncio\base_events.py", line 550, in _check_closed
    raise RuntimeError('Event loop is closed')
RuntimeError: Event loop is closed
[2026-04-10 16:30:38] ERROR bots.base.decorator 61992 [client_bot] Unhandled error in handler client_profile
Traceback (most recent call last):
  File "D:\projects\oscar-agro\bots\base\decorator.py", line 80, in wrapper
    await handler_func(sender, *args, **kwargs)
  File "D:\projects\oscar-agro\bots\client_bot\handlers\profile.py", line 44, in client_profile
    t('profile_view', lang,
    ~^^^^^^^^^^^^^^^^^^^^^^
      name=client.full_name,
      ^^^^^^^^^^^^^^^^^^^^^^
      phone=client.phone or '—',
      ^^^^^^^^^^^^^^^^^^^^^^^^^^
      lang=lang_name,
      ^^^^^^^^^^^^^^^
      date=date_str),
      ^^^^^^^^^^^^^^
TypeError: t() got multiple values for argument 'lang'
[2026-04-10 16:30:44] ERROR bots.base.decorator 61992 [client_bot] Unhandled error in handler client_orders_menu
Traceback (most recent call last):
  File "D:\projects\oscar-agro\.venv\Lib\site-packages\redis\asyncio\connection.py", line 669, in send_packed_command
    self._writer.writelines(command)
    ~~~~~~~~~~~~~~~~~~~~~~~^^^^^^^^^
  File "C:\Users\User\AppData\Local\Python\pythoncore-3.14-64\Lib\asyncio\streams.py", line 343, in writelines
    self._transport.writelines(data)
    ~~~~~~~~~~~~~~~~~~~~~~~~~~^^^^^^
  File "C:\Users\User\AppData\Local\Python\pythoncore-3.14-64\Lib\asyncio\transports.py", line 123, in writelines
    self.write(data)
    ~~~~~~~~~~^^^^^^
  File "C:\Users\User\AppData\Local\Python\pythoncore-3.14-64\Lib\asyncio\proactor_events.py", line 366, in write
    self._loop_writing(data=bytes(data))
    ~~~~~~~~~~~~~~~~~~^^^^^^^^^^^^^^^^^^
  File "C:\Users\User\AppData\Local\Python\pythoncore-3.14-64\Lib\asyncio\proactor_events.py", line 402, in _loop_writing
    self._write_fut = self._loop._proactor.send(self._sock, data)
                      ^^^^^^^^^^^^^^^^^^^^^^^^^
AttributeError: 'NoneType' object has no attribute 'send'

During handling of the above exception, another exception occurred:

Traceback (most recent call last):
  File "D:\projects\oscar-agro\bots\base\decorator.py", line 80, in wrapper
    await handler_func(sender, *args, **kwargs)
  File "D:\projects\oscar-agro\bots\client_bot\handlers\orders.py", line 43, in client_orders_menu
    await state.delete()
  File "D:\projects\oscar-agro\.venv\Lib\site-packages\telebot\async_telebot.py", line 9592, in delete_state
    return await self.current_states.delete_state(chat_id, user_id,
           ^^^^^^^^^^^^^^^^^^^^^^^^^^^^^^^^^^^^^^^^^^^^^^^^^^^^^^^^
        bot_id=bot_id, business_connection_id=business_connection_id, message_thread_id=message_thread_id)
        ^^^^^^^^^^^^^^^^^^^^^^^^^^^^^^^^^^^^^^^^^^^^^^^^^^^^^^^^^^^^^^^^^^^^^^^^^^^^^^^^^^^^^^^^^^^^^^^^^^
  File "D:\projects\oscar-agro\.venv\Lib\site-packages\telebot\asyncio_storage\redis_storage.py", line 169, in delete_state
    result = await self.redis.delete(_key)
             ^^^^^^^^^^^^^^^^^^^^^^^^^^^^^
  File "D:\projects\oscar-agro\.venv\Lib\site-packages\redis\asyncio\client.py", line 781, in execute_command
    result = await conn.retry.call_with_retry(
             ^^^^^^^^^^^^^^^^^^^^^^^^^^^^^^^^^
    ...<5 lines>...
    )
    ^
  File "D:\projects\oscar-agro\.venv\Lib\site-packages\redis\asyncio\retry.py", line 69, in call_with_retry
    return await do()
           ^^^^^^^^^^
  File "D:\projects\oscar-agro\.venv\Lib\site-packages\redis\asyncio\client.py", line 721, in _send_command_parse_response
    await conn.send_command(*args)
  File "D:\projects\oscar-agro\.venv\Lib\site-packages\redis\asyncio\connection.py", line 694, in send_command
    await self.send_packed_command(
        self.pack_command(*args), check_health=kwargs.get("check_health", True)
    )
  File "D:\projects\oscar-agro\.venv\Lib\site-packages\redis\asyncio\connection.py", line 689, in send_packed_command
    await self.disconnect(nowait=True)
  File "D:\projects\oscar-agro\.venv\Lib\site-packages\redis\asyncio\connection.py", line 585, in disconnect
    self._writer.close()  # type: ignore[union-attr]
    ~~~~~~~~~~~~~~~~~~^^
  File "C:\Users\User\AppData\Local\Python\pythoncore-3.14-64\Lib\asyncio\streams.py", line 352, in close
    return self._transport.close()
           ~~~~~~~~~~~~~~~~~~~~~^^
  File "C:\Users\User\AppData\Local\Python\pythoncore-3.14-64\Lib\asyncio\proactor_events.py", line 109, in close
    self._loop.call_soon(self._call_connection_lost, None)
    ~~~~~~~~~~~~~~~~~~~~^^^^^^^^^^^^^^^^^^^^^^^^^^^^^^^^^^
  File "C:\Users\User\AppData\Local\Python\pythoncore-3.14-64\Lib\asyncio\base_events.py", line 827, in call_soon
    self._check_closed()
    ~~~~~~~~~~~~~~~~~~^^
  File "C:\Users\User\AppData\Local\Python\pythoncore-3.14-64\Lib\asyncio\base_events.py", line 550, in _check_closed
    raise RuntimeError('Event loop is closed')
RuntimeError: Event loop is closed
[2026-04-10 16:30:48] ERROR bots.base.decorator 61992 [client_bot] Unhandled error in handler client_profile
Traceback (most recent call last):
  File "D:\projects\oscar-agro\bots\base\decorator.py", line 80, in wrapper
    await handler_func(sender, *args, **kwargs)
  File "D:\projects\oscar-agro\bots\client_bot\handlers\profile.py", line 44, in client_profile
    t('profile_view', lang,
    ~^^^^^^^^^^^^^^^^^^^^^^
      name=client.full_name,
      ^^^^^^^^^^^^^^^^^^^^^^
      phone=client.phone or '—',
      ^^^^^^^^^^^^^^^^^^^^^^^^^^
      lang=lang_name,
      ^^^^^^^^^^^^^^^
      date=date_str),
      ^^^^^^^^^^^^^^
TypeError: t() got multiple values for argument 'lang'
[2026-04-10 16:30:57] ERROR bots.base.decorator 61992 [client_bot] Unhandled error in handler client_profile
Traceback (most recent call last):
  File "D:\projects\oscar-agro\.venv\Lib\site-packages\redis\asyncio\connection.py", line 669, in send_packed_command
    self._writer.writelines(command)
    ~~~~~~~~~~~~~~~~~~~~~~~^^^^^^^^^
  File "C:\Users\User\AppData\Local\Python\pythoncore-3.14-64\Lib\asyncio\streams.py", line 343, in writelines
    self._transport.writelines(data)
    ~~~~~~~~~~~~~~~~~~~~~~~~~~^^^^^^
  File "C:\Users\User\AppData\Local\Python\pythoncore-3.14-64\Lib\asyncio\transports.py", line 123, in writelines
    self.write(data)
    ~~~~~~~~~~^^^^^^
  File "C:\Users\User\AppData\Local\Python\pythoncore-3.14-64\Lib\asyncio\proactor_events.py", line 366, in write
    self._loop_writing(data=bytes(data))
    ~~~~~~~~~~~~~~~~~~^^^^^^^^^^^^^^^^^^
  File "C:\Users\User\AppData\Local\Python\pythoncore-3.14-64\Lib\asyncio\proactor_events.py", line 402, in _loop_writing
    self._write_fut = self._loop._proactor.send(self._sock, data)
                      ^^^^^^^^^^^^^^^^^^^^^^^^^
AttributeError: 'NoneType' object has no attribute 'send'

During handling of the above exception, another exception occurred:

Traceback (most recent call last):
  File "D:\projects\oscar-agro\bots\base\decorator.py", line 80, in wrapper
    await handler_func(sender, *args, **kwargs)
  File "D:\projects\oscar-agro\bots\client_bot\handlers\profile.py", line 34, in client_profile
    await state.delete()
  File "D:\projects\oscar-agro\.venv\Lib\site-packages\telebot\async_telebot.py", line 9592, in delete_state
    return await self.current_states.delete_state(chat_id, user_id,
           ^^^^^^^^^^^^^^^^^^^^^^^^^^^^^^^^^^^^^^^^^^^^^^^^^^^^^^^^
        bot_id=bot_id, business_connection_id=business_connection_id, message_thread_id=message_thread_id)
        ^^^^^^^^^^^^^^^^^^^^^^^^^^^^^^^^^^^^^^^^^^^^^^^^^^^^^^^^^^^^^^^^^^^^^^^^^^^^^^^^^^^^^^^^^^^^^^^^^^
  File "D:\projects\oscar-agro\.venv\Lib\site-packages\telebot\asyncio_storage\redis_storage.py", line 169, in delete_state
    result = await self.redis.delete(_key)
             ^^^^^^^^^^^^^^^^^^^^^^^^^^^^^
  File "D:\projects\oscar-agro\.venv\Lib\site-packages\redis\asyncio\client.py", line 781, in execute_command
    result = await conn.retry.call_with_retry(
             ^^^^^^^^^^^^^^^^^^^^^^^^^^^^^^^^^
    ...<5 lines>...
    )
    ^
  File "D:\projects\oscar-agro\.venv\Lib\site-packages\redis\asyncio\retry.py", line 69, in call_with_retry
    return await do()
           ^^^^^^^^^^
  File "D:\projects\oscar-agro\.venv\Lib\site-packages\redis\asyncio\client.py", line 721, in _send_command_parse_response
    await conn.send_command(*args)
  File "D:\projects\oscar-agro\.venv\Lib\site-packages\redis\asyncio\connection.py", line 694, in send_command
    await self.send_packed_command(
        self.pack_command(*args), check_health=kwargs.get("check_health", True)
    )
  File "D:\projects\oscar-agro\.venv\Lib\site-packages\redis\asyncio\connection.py", line 689, in send_packed_command
    await self.disconnect(nowait=True)
  File "D:\projects\oscar-agro\.venv\Lib\site-packages\redis\asyncio\connection.py", line 585, in disconnect
    self._writer.close()  # type: ignore[union-attr]
    ~~~~~~~~~~~~~~~~~~^^
  File "C:\Users\User\AppData\Local\Python\pythoncore-3.14-64\Lib\asyncio\streams.py", line 352, in close
    return self._transport.close()
           ~~~~~~~~~~~~~~~~~~~~~^^
  File "C:\Users\User\AppData\Local\Python\pythoncore-3.14-64\Lib\asyncio\proactor_events.py", line 109, in close
    self._loop.call_soon(self._call_connection_lost, None)
    ~~~~~~~~~~~~~~~~~~~~^^^^^^^^^^^^^^^^^^^^^^^^^^^^^^^^^^
  File "C:\Users\User\AppData\Local\Python\pythoncore-3.14-64\Lib\asyncio\base_events.py", line 827, in call_soon
    self._check_closed()
    ~~~~~~~~~~~~~~~~~~^^
  File "C:\Users\User\AppData\Local\Python\pythoncore-3.14-64\Lib\asyncio\base_events.py", line 550, in _check_closed
    raise RuntimeError('Event loop is closed')
RuntimeError: Event loop is closed
[2026-04-10 16:31:09] ERROR bots.base.decorator 61992 [client_bot] Unhandled error in handler client_orders_menu
Traceback (most recent call last):
  File "D:\projects\oscar-agro\.venv\Lib\site-packages\redis\asyncio\connection.py", line 669, in send_packed_command
    self._writer.writelines(command)
    ~~~~~~~~~~~~~~~~~~~~~~~^^^^^^^^^
  File "C:\Users\User\AppData\Local\Python\pythoncore-3.14-64\Lib\asyncio\streams.py", line 343, in writelines
    self._transport.writelines(data)
    ~~~~~~~~~~~~~~~~~~~~~~~~~~^^^^^^
  File "C:\Users\User\AppData\Local\Python\pythoncore-3.14-64\Lib\asyncio\transports.py", line 123, in writelines
    self.write(data)
    ~~~~~~~~~~^^^^^^
  File "C:\Users\User\AppData\Local\Python\pythoncore-3.14-64\Lib\asyncio\proactor_events.py", line 366, in write
    self._loop_writing(data=bytes(data))
    ~~~~~~~~~~~~~~~~~~^^^^^^^^^^^^^^^^^^
  File "C:\Users\User\AppData\Local\Python\pythoncore-3.14-64\Lib\asyncio\proactor_events.py", line 402, in _loop_writing
    self._write_fut = self._loop._proactor.send(self._sock, data)
                      ^^^^^^^^^^^^^^^^^^^^^^^^^
AttributeError: 'NoneType' object has no attribute 'send'

During handling of the above exception, another exception occurred:

Traceback (most recent call last):
  File "D:\projects\oscar-agro\bots\base\decorator.py", line 80, in wrapper
    await handler_func(sender, *args, **kwargs)
  File "D:\projects\oscar-agro\bots\client_bot\handlers\orders.py", line 43, in client_orders_menu
    await state.delete()
  File "D:\projects\oscar-agro\.venv\Lib\site-packages\telebot\async_telebot.py", line 9592, in delete_state
    return await self.current_states.delete_state(chat_id, user_id,
           ^^^^^^^^^^^^^^^^^^^^^^^^^^^^^^^^^^^^^^^^^^^^^^^^^^^^^^^^
        bot_id=bot_id, business_connection_id=business_connection_id, message_thread_id=message_thread_id)
        ^^^^^^^^^^^^^^^^^^^^^^^^^^^^^^^^^^^^^^^^^^^^^^^^^^^^^^^^^^^^^^^^^^^^^^^^^^^^^^^^^^^^^^^^^^^^^^^^^^
  File "D:\projects\oscar-agro\.venv\Lib\site-packages\telebot\asyncio_storage\redis_storage.py", line 169, in delete_state
    result = await self.redis.delete(_key)
             ^^^^^^^^^^^^^^^^^^^^^^^^^^^^^
  File "D:\projects\oscar-agro\.venv\Lib\site-packages\redis\asyncio\client.py", line 781, in execute_command
    result = await conn.retry.call_with_retry(
             ^^^^^^^^^^^^^^^^^^^^^^^^^^^^^^^^^
    ...<5 lines>...
    )
    ^
  File "D:\projects\oscar-agro\.venv\Lib\site-packages\redis\asyncio\retry.py", line 69, in call_with_retry
    return await do()
           ^^^^^^^^^^
  File "D:\projects\oscar-agro\.venv\Lib\site-packages\redis\asyncio\client.py", line 721, in _send_command_parse_response
    await conn.send_command(*args)
  File "D:\projects\oscar-agro\.venv\Lib\site-packages\redis\asyncio\connection.py", line 694, in send_command
    await self.send_packed_command(
        self.pack_command(*args), check_health=kwargs.get("check_health", True)
    )
  File "D:\projects\oscar-agro\.venv\Lib\site-packages\redis\asyncio\connection.py", line 689, in send_packed_command
    await self.disconnect(nowait=True)
  File "D:\projects\oscar-agro\.venv\Lib\site-packages\redis\asyncio\connection.py", line 585, in disconnect
    self._writer.close()  # type: ignore[union-attr]
    ~~~~~~~~~~~~~~~~~~^^
  File "C:\Users\User\AppData\Local\Python\pythoncore-3.14-64\Lib\asyncio\streams.py", line 352, in close
    return self._transport.close()
           ~~~~~~~~~~~~~~~~~~~~~^^
  File "C:\Users\User\AppData\Local\Python\pythoncore-3.14-64\Lib\asyncio\proactor_events.py", line 109, in close
    self._loop.call_soon(self._call_connection_lost, None)
    ~~~~~~~~~~~~~~~~~~~~^^^^^^^^^^^^^^^^^^^^^^^^^^^^^^^^^^
  File "C:\Users\User\AppData\Local\Python\pythoncore-3.14-64\Lib\asyncio\base_events.py", line 827, in call_soon
    self._check_closed()
    ~~~~~~~~~~~~~~~~~~^^
  File "C:\Users\User\AppData\Local\Python\pythoncore-3.14-64\Lib\asyncio\base_events.py", line 550, in _check_closed
    raise RuntimeError('Event loop is closed')
RuntimeError: Event loop is closed
[2026-04-10 16:31:12] ERROR bots.base.decorator 61992 [client_bot] Unhandled error in handler client_profile
Traceback (most recent call last):
  File "D:\projects\oscar-agro\bots\base\decorator.py", line 80, in wrapper
    await handler_func(sender, *args, **kwargs)
  File "D:\projects\oscar-agro\bots\client_bot\handlers\profile.py", line 44, in client_profile
    t('profile_view', lang,
    ~^^^^^^^^^^^^^^^^^^^^^^
      name=client.full_name,
      ^^^^^^^^^^^^^^^^^^^^^^
      phone=client.phone or '—',
      ^^^^^^^^^^^^^^^^^^^^^^^^^^
      lang=lang_name,
      ^^^^^^^^^^^^^^^
      date=date_str),
      ^^^^^^^^^^^^^^
TypeError: t() got multiple values for argument 'lang'
[2026-04-10 16:31:27] ERROR bots.base.decorator 61992 [client_bot] Unhandled error in handler client_orders_menu
Traceback (most recent call last):
  File "D:\projects\oscar-agro\.venv\Lib\site-packages\redis\asyncio\connection.py", line 669, in send_packed_command
    self._writer.writelines(command)
    ~~~~~~~~~~~~~~~~~~~~~~~^^^^^^^^^
  File "C:\Users\User\AppData\Local\Python\pythoncore-3.14-64\Lib\asyncio\streams.py", line 343, in writelines
    self._transport.writelines(data)
    ~~~~~~~~~~~~~~~~~~~~~~~~~~^^^^^^
  File "C:\Users\User\AppData\Local\Python\pythoncore-3.14-64\Lib\asyncio\transports.py", line 123, in writelines
    self.write(data)
    ~~~~~~~~~~^^^^^^
  File "C:\Users\User\AppData\Local\Python\pythoncore-3.14-64\Lib\asyncio\proactor_events.py", line 366, in write
    self._loop_writing(data=bytes(data))
    ~~~~~~~~~~~~~~~~~~^^^^^^^^^^^^^^^^^^
  File "C:\Users\User\AppData\Local\Python\pythoncore-3.14-64\Lib\asyncio\proactor_events.py", line 402, in _loop_writing
    self._write_fut = self._loop._proactor.send(self._sock, data)
                      ^^^^^^^^^^^^^^^^^^^^^^^^^
AttributeError: 'NoneType' object has no attribute 'send'

During handling of the above exception, another exception occurred:

Traceback (most recent call last):
  File "D:\projects\oscar-agro\bots\base\decorator.py", line 80, in wrapper
    await handler_func(sender, *args, **kwargs)
  File "D:\projects\oscar-agro\bots\client_bot\handlers\orders.py", line 43, in client_orders_menu
    await state.delete()
  File "D:\projects\oscar-agro\.venv\Lib\site-packages\telebot\async_telebot.py", line 9592, in delete_state
    return await self.current_states.delete_state(chat_id, user_id,
           ^^^^^^^^^^^^^^^^^^^^^^^^^^^^^^^^^^^^^^^^^^^^^^^^^^^^^^^^
        bot_id=bot_id, business_connection_id=business_connection_id, message_thread_id=message_thread_id)
        ^^^^^^^^^^^^^^^^^^^^^^^^^^^^^^^^^^^^^^^^^^^^^^^^^^^^^^^^^^^^^^^^^^^^^^^^^^^^^^^^^^^^^^^^^^^^^^^^^^
  File "D:\projects\oscar-agro\.venv\Lib\site-packages\telebot\asyncio_storage\redis_storage.py", line 169, in delete_state
    result = await self.redis.delete(_key)
             ^^^^^^^^^^^^^^^^^^^^^^^^^^^^^
  File "D:\projects\oscar-agro\.venv\Lib\site-packages\redis\asyncio\client.py", line 781, in execute_command
    result = await conn.retry.call_with_retry(
             ^^^^^^^^^^^^^^^^^^^^^^^^^^^^^^^^^
    ...<5 lines>...
    )
    ^
  File "D:\projects\oscar-agro\.venv\Lib\site-packages\redis\asyncio\retry.py", line 69, in call_with_retry
    return await do()
           ^^^^^^^^^^
  File "D:\projects\oscar-agro\.venv\Lib\site-packages\redis\asyncio\client.py", line 721, in _send_command_parse_response
    await conn.send_command(*args)
  File "D:\projects\oscar-agro\.venv\Lib\site-packages\redis\asyncio\connection.py", line 694, in send_command
    await self.send_packed_command(
        self.pack_command(*args), check_health=kwargs.get("check_health", True)
    )
  File "D:\projects\oscar-agro\.venv\Lib\site-packages\redis\asyncio\connection.py", line 689, in send_packed_command
    await self.disconnect(nowait=True)
  File "D:\projects\oscar-agro\.venv\Lib\site-packages\redis\asyncio\connection.py", line 585, in disconnect
    self._writer.close()  # type: ignore[union-attr]
    ~~~~~~~~~~~~~~~~~~^^
  File "C:\Users\User\AppData\Local\Python\pythoncore-3.14-64\Lib\asyncio\streams.py", line 352, in close
    return self._transport.close()
           ~~~~~~~~~~~~~~~~~~~~~^^
  File "C:\Users\User\AppData\Local\Python\pythoncore-3.14-64\Lib\asyncio\proactor_events.py", line 109, in close
    self._loop.call_soon(self._call_connection_lost, None)
    ~~~~~~~~~~~~~~~~~~~~^^^^^^^^^^^^^^^^^^^^^^^^^^^^^^^^^^
  File "C:\Users\User\AppData\Local\Python\pythoncore-3.14-64\Lib\asyncio\base_events.py", line 827, in call_soon
    self._check_closed()
    ~~~~~~~~~~~~~~~~~~^^
  File "C:\Users\User\AppData\Local\Python\pythoncore-3.14-64\Lib\asyncio\base_events.py", line 550, in _check_closed
    raise RuntimeError('Event loop is closed')
RuntimeError: Event loop is closed
[2026-04-10 16:31:40] ERROR bots.base.decorator 61992 [client_bot] Unhandled error in handler client_orders_menu
Traceback (most recent call last):
  File "D:\projects\oscar-agro\.venv\Lib\site-packages\redis\asyncio\connection.py", line 669, in send_packed_command
    self._writer.writelines(command)
    ~~~~~~~~~~~~~~~~~~~~~~~^^^^^^^^^
  File "C:\Users\User\AppData\Local\Python\pythoncore-3.14-64\Lib\asyncio\streams.py", line 343, in writelines
    self._transport.writelines(data)
    ~~~~~~~~~~~~~~~~~~~~~~~~~~^^^^^^
  File "C:\Users\User\AppData\Local\Python\pythoncore-3.14-64\Lib\asyncio\transports.py", line 123, in writelines
    self.write(data)
    ~~~~~~~~~~^^^^^^
  File "C:\Users\User\AppData\Local\Python\pythoncore-3.14-64\Lib\asyncio\proactor_events.py", line 366, in write
    self._loop_writing(data=bytes(data))
    ~~~~~~~~~~~~~~~~~~^^^^^^^^^^^^^^^^^^
  File "C:\Users\User\AppData\Local\Python\pythoncore-3.14-64\Lib\asyncio\proactor_events.py", line 402, in _loop_writing
    self._write_fut = self._loop._proactor.send(self._sock, data)
                      ^^^^^^^^^^^^^^^^^^^^^^^^^
AttributeError: 'NoneType' object has no attribute 'send'

During handling of the above exception, another exception occurred:

Traceback (most recent call last):
  File "D:\projects\oscar-agro\bots\base\decorator.py", line 80, in wrapper
    await handler_func(sender, *args, **kwargs)
  File "D:\projects\oscar-agro\bots\client_bot\handlers\orders.py", line 43, in client_orders_menu
    await state.delete()
  File "D:\projects\oscar-agro\.venv\Lib\site-packages\telebot\async_telebot.py", line 9592, in delete_state
    return await self.current_states.delete_state(chat_id, user_id,
           ^^^^^^^^^^^^^^^^^^^^^^^^^^^^^^^^^^^^^^^^^^^^^^^^^^^^^^^^
        bot_id=bot_id, business_connection_id=business_connection_id, message_thread_id=message_thread_id)
        ^^^^^^^^^^^^^^^^^^^^^^^^^^^^^^^^^^^^^^^^^^^^^^^^^^^^^^^^^^^^^^^^^^^^^^^^^^^^^^^^^^^^^^^^^^^^^^^^^^
  File "D:\projects\oscar-agro\.venv\Lib\site-packages\telebot\asyncio_storage\redis_storage.py", line 169, in delete_state
    result = await self.redis.delete(_key)
             ^^^^^^^^^^^^^^^^^^^^^^^^^^^^^
  File "D:\projects\oscar-agro\.venv\Lib\site-packages\redis\asyncio\client.py", line 781, in execute_command
    result = await conn.retry.call_with_retry(
             ^^^^^^^^^^^^^^^^^^^^^^^^^^^^^^^^^
    ...<5 lines>...
    )
    ^
  File "D:\projects\oscar-agro\.venv\Lib\site-packages\redis\asyncio\retry.py", line 69, in call_with_retry
    return await do()
           ^^^^^^^^^^
  File "D:\projects\oscar-agro\.venv\Lib\site-packages\redis\asyncio\client.py", line 721, in _send_command_parse_response
    await conn.send_command(*args)
  File "D:\projects\oscar-agro\.venv\Lib\site-packages\redis\asyncio\connection.py", line 694, in send_command
    await self.send_packed_command(
        self.pack_command(*args), check_health=kwargs.get("check_health", True)
    )
  File "D:\projects\oscar-agro\.venv\Lib\site-packages\redis\asyncio\connection.py", line 689, in send_packed_command
    await self.disconnect(nowait=True)
  File "D:\projects\oscar-agro\.venv\Lib\site-packages\redis\asyncio\connection.py", line 585, in disconnect
    self._writer.close()  # type: ignore[union-attr]
    ~~~~~~~~~~~~~~~~~~^^
  File "C:\Users\User\AppData\Local\Python\pythoncore-3.14-64\Lib\asyncio\streams.py", line 352, in close
    return self._transport.close()
           ~~~~~~~~~~~~~~~~~~~~~^^
  File "C:\Users\User\AppData\Local\Python\pythoncore-3.14-64\Lib\asyncio\proactor_events.py", line 109, in close
    self._loop.call_soon(self._call_connection_lost, None)
    ~~~~~~~~~~~~~~~~~~~~^^^^^^^^^^^^^^^^^^^^^^^^^^^^^^^^^^
  File "C:\Users\User\AppData\Local\Python\pythoncore-3.14-64\Lib\asyncio\base_events.py", line 827, in call_soon
    self._check_closed()
    ~~~~~~~~~~~~~~~~~~^^
  File "C:\Users\User\AppData\Local\Python\pythoncore-3.14-64\Lib\asyncio\base_events.py", line 550, in _check_closed
    raise RuntimeError('Event loop is closed')
RuntimeError: Event loop is closed
[2026-04-10 16:33:49] ERROR bots.base.decorator 61992 [client_bot] Unhandled error in handler client_start
Traceback (most recent call last):
  File "D:\projects\oscar-agro\.venv\Lib\site-packages\redis\asyncio\connection.py", line 669, in send_packed_command
    self._writer.writelines(command)
    ~~~~~~~~~~~~~~~~~~~~~~~^^^^^^^^^
  File "C:\Users\User\AppData\Local\Python\pythoncore-3.14-64\Lib\asyncio\streams.py", line 343, in writelines
    self._transport.writelines(data)
    ~~~~~~~~~~~~~~~~~~~~~~~~~~^^^^^^
  File "C:\Users\User\AppData\Local\Python\pythoncore-3.14-64\Lib\asyncio\transports.py", line 123, in writelines
    self.write(data)
    ~~~~~~~~~~^^^^^^
  File "C:\Users\User\AppData\Local\Python\pythoncore-3.14-64\Lib\asyncio\proactor_events.py", line 366, in write
    self._loop_writing(data=bytes(data))
    ~~~~~~~~~~~~~~~~~~^^^^^^^^^^^^^^^^^^
  File "C:\Users\User\AppData\Local\Python\pythoncore-3.14-64\Lib\asyncio\proactor_events.py", line 402, in _loop_writing
    self._write_fut = self._loop._proactor.send(self._sock, data)
                      ^^^^^^^^^^^^^^^^^^^^^^^^^
AttributeError: 'NoneType' object has no attribute 'send'

During handling of the above exception, another exception occurred:

Traceback (most recent call last):
  File "D:\projects\oscar-agro\bots\base\decorator.py", line 80, in wrapper
    await handler_func(sender, *args, **kwargs)
  File "D:\projects\oscar-agro\bots\client_bot\handlers\start.py", line 27, in client_start
    await state.delete()
  File "D:\projects\oscar-agro\.venv\Lib\site-packages\telebot\async_telebot.py", line 9592, in delete_state
    return await self.current_states.delete_state(chat_id, user_id,
           ^^^^^^^^^^^^^^^^^^^^^^^^^^^^^^^^^^^^^^^^^^^^^^^^^^^^^^^^
        bot_id=bot_id, business_connection_id=business_connection_id, message_thread_id=message_thread_id)
        ^^^^^^^^^^^^^^^^^^^^^^^^^^^^^^^^^^^^^^^^^^^^^^^^^^^^^^^^^^^^^^^^^^^^^^^^^^^^^^^^^^^^^^^^^^^^^^^^^^
  File "D:\projects\oscar-agro\.venv\Lib\site-packages\telebot\asyncio_storage\redis_storage.py", line 169, in delete_state
    result = await self.redis.delete(_key)
             ^^^^^^^^^^^^^^^^^^^^^^^^^^^^^
  File "D:\projects\oscar-agro\.venv\Lib\site-packages\redis\asyncio\client.py", line 781, in execute_command
    result = await conn.retry.call_with_retry(
             ^^^^^^^^^^^^^^^^^^^^^^^^^^^^^^^^^
    ...<5 lines>...
    )
    ^
  File "D:\projects\oscar-agro\.venv\Lib\site-packages\redis\asyncio\retry.py", line 69, in call_with_retry
    return await do()
           ^^^^^^^^^^
  File "D:\projects\oscar-agro\.venv\Lib\site-packages\redis\asyncio\client.py", line 721, in _send_command_parse_response
    await conn.send_command(*args)
  File "D:\projects\oscar-agro\.venv\Lib\site-packages\redis\asyncio\connection.py", line 694, in send_command
    await self.send_packed_command(
        self.pack_command(*args), check_health=kwargs.get("check_health", True)
    )
  File "D:\projects\oscar-agro\.venv\Lib\site-packages\redis\asyncio\connection.py", line 689, in send_packed_command
    await self.disconnect(nowait=True)
  File "D:\projects\oscar-agro\.venv\Lib\site-packages\redis\asyncio\connection.py", line 585, in disconnect
    self._writer.close()  # type: ignore[union-attr]
    ~~~~~~~~~~~~~~~~~~^^
  File "C:\Users\User\AppData\Local\Python\pythoncore-3.14-64\Lib\asyncio\streams.py", line 352, in close
    return self._transport.close()
           ~~~~~~~~~~~~~~~~~~~~~^^
  File "C:\Users\User\AppData\Local\Python\pythoncore-3.14-64\Lib\asyncio\proactor_events.py", line 109, in close
    self._loop.call_soon(self._call_connection_lost, None)
    ~~~~~~~~~~~~~~~~~~~~^^^^^^^^^^^^^^^^^^^^^^^^^^^^^^^^^^
  File "C:\Users\User\AppData\Local\Python\pythoncore-3.14-64\Lib\asyncio\base_events.py", line 827, in call_soon
    self._check_closed()
    ~~~~~~~~~~~~~~~~~~^^
  File "C:\Users\User\AppData\Local\Python\pythoncore-3.14-64\Lib\asyncio\base_events.py", line 550, in _check_closed
    raise RuntimeError('Event loop is closed')
RuntimeError: Event loop is closed
[2026-04-10 16:34:30] ERROR bots.base.decorator 61992 [main_bot] Unhandled error in handler admin_users_menu
Traceback (most recent call last):
  File "D:\projects\oscar-agro\.venv\Lib\site-packages\redis\asyncio\connection.py", line 669, in send_packed_command
    self._writer.writelines(command)
    ~~~~~~~~~~~~~~~~~~~~~~~^^^^^^^^^
  File "C:\Users\User\AppData\Local\Python\pythoncore-3.14-64\Lib\asyncio\streams.py", line 343, in writelines
    self._transport.writelines(data)
    ~~~~~~~~~~~~~~~~~~~~~~~~~~^^^^^^
  File "C:\Users\User\AppData\Local\Python\pythoncore-3.14-64\Lib\asyncio\transports.py", line 123, in writelines
    self.write(data)
    ~~~~~~~~~~^^^^^^
  File "C:\Users\User\AppData\Local\Python\pythoncore-3.14-64\Lib\asyncio\proactor_events.py", line 366, in write
    self._loop_writing(data=bytes(data))
    ~~~~~~~~~~~~~~~~~~^^^^^^^^^^^^^^^^^^
  File "C:\Users\User\AppData\Local\Python\pythoncore-3.14-64\Lib\asyncio\proactor_events.py", line 402, in _loop_writing
    self._write_fut = self._loop._proactor.send(self._sock, data)
                      ^^^^^^^^^^^^^^^^^^^^^^^^^
AttributeError: 'NoneType' object has no attribute 'send'

During handling of the above exception, another exception occurred:

Traceback (most recent call last):
  File "D:\projects\oscar-agro\bots\base\decorator.py", line 80, in wrapper
    await handler_func(sender, *args, **kwargs)
  File "D:\projects\oscar-agro\bots\main_bot\handlers\admin.py", line 48, in admin_users_menu
    await state.delete()
  File "D:\projects\oscar-agro\.venv\Lib\site-packages\telebot\async_telebot.py", line 9592, in delete_state
    return await self.current_states.delete_state(chat_id, user_id,
           ^^^^^^^^^^^^^^^^^^^^^^^^^^^^^^^^^^^^^^^^^^^^^^^^^^^^^^^^
        bot_id=bot_id, business_connection_id=business_connection_id, message_thread_id=message_thread_id)
        ^^^^^^^^^^^^^^^^^^^^^^^^^^^^^^^^^^^^^^^^^^^^^^^^^^^^^^^^^^^^^^^^^^^^^^^^^^^^^^^^^^^^^^^^^^^^^^^^^^
  File "D:\projects\oscar-agro\.venv\Lib\site-packages\telebot\asyncio_storage\redis_storage.py", line 169, in delete_state
    result = await self.redis.delete(_key)
             ^^^^^^^^^^^^^^^^^^^^^^^^^^^^^
  File "D:\projects\oscar-agro\.venv\Lib\site-packages\redis\asyncio\client.py", line 781, in execute_command
    result = await conn.retry.call_with_retry(
             ^^^^^^^^^^^^^^^^^^^^^^^^^^^^^^^^^
    ...<5 lines>...
    )
    ^
  File "D:\projects\oscar-agro\.venv\Lib\site-packages\redis\asyncio\retry.py", line 69, in call_with_retry
    return await do()
           ^^^^^^^^^^
  File "D:\projects\oscar-agro\.venv\Lib\site-packages\redis\asyncio\client.py", line 721, in _send_command_parse_response
    await conn.send_command(*args)
  File "D:\projects\oscar-agro\.venv\Lib\site-packages\redis\asyncio\connection.py", line 694, in send_command
    await self.send_packed_command(
        self.pack_command(*args), check_health=kwargs.get("check_health", True)
    )
  File "D:\projects\oscar-agro\.venv\Lib\site-packages\redis\asyncio\connection.py", line 689, in send_packed_command
    await self.disconnect(nowait=True)
  File "D:\projects\oscar-agro\.venv\Lib\site-packages\redis\asyncio\connection.py", line 585, in disconnect
    self._writer.close()  # type: ignore[union-attr]
    ~~~~~~~~~~~~~~~~~~^^
  File "C:\Users\User\AppData\Local\Python\pythoncore-3.14-64\Lib\asyncio\streams.py", line 352, in close
    return self._transport.close()
           ~~~~~~~~~~~~~~~~~~~~~^^
  File "C:\Users\User\AppData\Local\Python\pythoncore-3.14-64\Lib\asyncio\proactor_events.py", line 109, in close
    self._loop.call_soon(self._call_connection_lost, None)
    ~~~~~~~~~~~~~~~~~~~~^^^^^^^^^^^^^^^^^^^^^^^^^^^^^^^^^^
  File "C:\Users\User\AppData\Local\Python\pythoncore-3.14-64\Lib\asyncio\base_events.py", line 827, in call_soon
    self._check_closed()
    ~~~~~~~~~~~~~~~~~~^^
  File "C:\Users\User\AppData\Local\Python\pythoncore-3.14-64\Lib\asyncio\base_events.py", line 550, in _check_closed
    raise RuntimeError('Event loop is closed')
RuntimeError: Event loop is closed
[2026-04-10 16:36:44] ERROR bots.base.decorator 61992 [main_bot] Unhandled error in handler admin_start
Traceback (most recent call last):
  File "D:\projects\oscar-agro\.venv\Lib\site-packages\redis\asyncio\connection.py", line 669, in send_packed_command
    self._writer.writelines(command)
    ~~~~~~~~~~~~~~~~~~~~~~~^^^^^^^^^
  File "C:\Users\User\AppData\Local\Python\pythoncore-3.14-64\Lib\asyncio\streams.py", line 343, in writelines
    self._transport.writelines(data)
    ~~~~~~~~~~~~~~~~~~~~~~~~~~^^^^^^
  File "C:\Users\User\AppData\Local\Python\pythoncore-3.14-64\Lib\asyncio\transports.py", line 123, in writelines
    self.write(data)
    ~~~~~~~~~~^^^^^^
  File "C:\Users\User\AppData\Local\Python\pythoncore-3.14-64\Lib\asyncio\proactor_events.py", line 366, in write
    self._loop_writing(data=bytes(data))
    ~~~~~~~~~~~~~~~~~~^^^^^^^^^^^^^^^^^^
  File "C:\Users\User\AppData\Local\Python\pythoncore-3.14-64\Lib\asyncio\proactor_events.py", line 402, in _loop_writing
    self._write_fut = self._loop._proactor.send(self._sock, data)
                      ^^^^^^^^^^^^^^^^^^^^^^^^^
AttributeError: 'NoneType' object has no attribute 'send'

During handling of the above exception, another exception occurred:

Traceback (most recent call last):
  File "D:\projects\oscar-agro\bots\base\decorator.py", line 80, in wrapper
    await handler_func(sender, *args, **kwargs)
  File "D:\projects\oscar-agro\bots\main_bot\handlers\admin.py", line 36, in admin_start
    await state.delete()
  File "D:\projects\oscar-agro\.venv\Lib\site-packages\telebot\async_telebot.py", line 9592, in delete_state
    return await self.current_states.delete_state(chat_id, user_id,
           ^^^^^^^^^^^^^^^^^^^^^^^^^^^^^^^^^^^^^^^^^^^^^^^^^^^^^^^^
        bot_id=bot_id, business_connection_id=business_connection_id, message_thread_id=message_thread_id)
        ^^^^^^^^^^^^^^^^^^^^^^^^^^^^^^^^^^^^^^^^^^^^^^^^^^^^^^^^^^^^^^^^^^^^^^^^^^^^^^^^^^^^^^^^^^^^^^^^^^
  File "D:\projects\oscar-agro\.venv\Lib\site-packages\telebot\asyncio_storage\redis_storage.py", line 169, in delete_state
    result = await self.redis.delete(_key)
             ^^^^^^^^^^^^^^^^^^^^^^^^^^^^^
  File "D:\projects\oscar-agro\.venv\Lib\site-packages\redis\asyncio\client.py", line 781, in execute_command
    result = await conn.retry.call_with_retry(
             ^^^^^^^^^^^^^^^^^^^^^^^^^^^^^^^^^
    ...<5 lines>...
    )
    ^
  File "D:\projects\oscar-agro\.venv\Lib\site-packages\redis\asyncio\retry.py", line 69, in call_with_retry
    return await do()
           ^^^^^^^^^^
  File "D:\projects\oscar-agro\.venv\Lib\site-packages\redis\asyncio\client.py", line 721, in _send_command_parse_response
    await conn.send_command(*args)
  File "D:\projects\oscar-agro\.venv\Lib\site-packages\redis\asyncio\connection.py", line 694, in send_command
    await self.send_packed_command(
        self.pack_command(*args), check_health=kwargs.get("check_health", True)
    )
  File "D:\projects\oscar-agro\.venv\Lib\site-packages\redis\asyncio\connection.py", line 689, in send_packed_command
    await self.disconnect(nowait=True)
  File "D:\projects\oscar-agro\.venv\Lib\site-packages\redis\asyncio\connection.py", line 585, in disconnect
    self._writer.close()  # type: ignore[union-attr]
    ~~~~~~~~~~~~~~~~~~^^
  File "C:\Users\User\AppData\Local\Python\pythoncore-3.14-64\Lib\asyncio\streams.py", line 352, in close
    return self._transport.close()
           ~~~~~~~~~~~~~~~~~~~~~^^
  File "C:\Users\User\AppData\Local\Python\pythoncore-3.14-64\Lib\asyncio\proactor_events.py", line 109, in close
    self._loop.call_soon(self._call_connection_lost, None)
    ~~~~~~~~~~~~~~~~~~~~^^^^^^^^^^^^^^^^^^^^^^^^^^^^^^^^^^
  File "C:\Users\User\AppData\Local\Python\pythoncore-3.14-64\Lib\asyncio\base_events.py", line 827, in call_soon
    self._check_closed()
    ~~~~~~~~~~~~~~~~~~^^
  File "C:\Users\User\AppData\Local\Python\pythoncore-3.14-64\Lib\asyncio\base_events.py", line 550, in _check_closed
    raise RuntimeError('Event loop is closed')
RuntimeError: Event loop is closed
[2026-04-10 16:39:26] ERROR bots.base.decorator 58880 [main_bot] Unhandled error in handler admin_users_menu
Traceback (most recent call last):
  File "D:\projects\oscar-agro\.venv\Lib\site-packages\redis\asyncio\connection.py", line 669, in send_packed_command
    self._writer.writelines(command)
    ~~~~~~~~~~~~~~~~~~~~~~~^^^^^^^^^
  File "C:\Users\User\AppData\Local\Python\pythoncore-3.14-64\Lib\asyncio\streams.py", line 343, in writelines
    self._transport.writelines(data)
    ~~~~~~~~~~~~~~~~~~~~~~~~~~^^^^^^
  File "C:\Users\User\AppData\Local\Python\pythoncore-3.14-64\Lib\asyncio\transports.py", line 123, in writelines
    self.write(data)
    ~~~~~~~~~~^^^^^^
  File "C:\Users\User\AppData\Local\Python\pythoncore-3.14-64\Lib\asyncio\proactor_events.py", line 366, in write
    self._loop_writing(data=bytes(data))
    ~~~~~~~~~~~~~~~~~~^^^^^^^^^^^^^^^^^^
  File "C:\Users\User\AppData\Local\Python\pythoncore-3.14-64\Lib\asyncio\proactor_events.py", line 402, in _loop_writing
    self._write_fut = self._loop._proactor.send(self._sock, data)
                      ^^^^^^^^^^^^^^^^^^^^^^^^^
AttributeError: 'NoneType' object has no attribute 'send'

During handling of the above exception, another exception occurred:

Traceback (most recent call last):
  File "D:\projects\oscar-agro\bots\base\decorator.py", line 80, in wrapper
    await handler_func(sender, *args, **kwargs)
  File "D:\projects\oscar-agro\bots\main_bot\handlers\admin.py", line 48, in admin_users_menu
    await state.delete()
  File "D:\projects\oscar-agro\.venv\Lib\site-packages\telebot\async_telebot.py", line 9592, in delete_state
    return await self.current_states.delete_state(chat_id, user_id,
           ^^^^^^^^^^^^^^^^^^^^^^^^^^^^^^^^^^^^^^^^^^^^^^^^^^^^^^^^
        bot_id=bot_id, business_connection_id=business_connection_id, message_thread_id=message_thread_id)
        ^^^^^^^^^^^^^^^^^^^^^^^^^^^^^^^^^^^^^^^^^^^^^^^^^^^^^^^^^^^^^^^^^^^^^^^^^^^^^^^^^^^^^^^^^^^^^^^^^^
  File "D:\projects\oscar-agro\.venv\Lib\site-packages\telebot\asyncio_storage\redis_storage.py", line 169, in delete_state
    result = await self.redis.delete(_key)
             ^^^^^^^^^^^^^^^^^^^^^^^^^^^^^
  File "D:\projects\oscar-agro\.venv\Lib\site-packages\redis\asyncio\client.py", line 781, in execute_command
    result = await conn.retry.call_with_retry(
             ^^^^^^^^^^^^^^^^^^^^^^^^^^^^^^^^^
    ...<5 lines>...
    )
    ^
  File "D:\projects\oscar-agro\.venv\Lib\site-packages\redis\asyncio\retry.py", line 69, in call_with_retry
    return await do()
           ^^^^^^^^^^
  File "D:\projects\oscar-agro\.venv\Lib\site-packages\redis\asyncio\client.py", line 721, in _send_command_parse_response
    await conn.send_command(*args)
  File "D:\projects\oscar-agro\.venv\Lib\site-packages\redis\asyncio\connection.py", line 694, in send_command
    await self.send_packed_command(
        self.pack_command(*args), check_health=kwargs.get("check_health", True)
    )
  File "D:\projects\oscar-agro\.venv\Lib\site-packages\redis\asyncio\connection.py", line 689, in send_packed_command
    await self.disconnect(nowait=True)
  File "D:\projects\oscar-agro\.venv\Lib\site-packages\redis\asyncio\connection.py", line 585, in disconnect
    self._writer.close()  # type: ignore[union-attr]
    ~~~~~~~~~~~~~~~~~~^^
  File "C:\Users\User\AppData\Local\Python\pythoncore-3.14-64\Lib\asyncio\streams.py", line 352, in close
    return self._transport.close()
           ~~~~~~~~~~~~~~~~~~~~~^^
  File "C:\Users\User\AppData\Local\Python\pythoncore-3.14-64\Lib\asyncio\proactor_events.py", line 109, in close
    self._loop.call_soon(self._call_connection_lost, None)
    ~~~~~~~~~~~~~~~~~~~~^^^^^^^^^^^^^^^^^^^^^^^^^^^^^^^^^^
  File "C:\Users\User\AppData\Local\Python\pythoncore-3.14-64\Lib\asyncio\base_events.py", line 827, in call_soon
    self._check_closed()
    ~~~~~~~~~~~~~~~~~~^^
  File "C:\Users\User\AppData\Local\Python\pythoncore-3.14-64\Lib\asyncio\base_events.py", line 550, in _check_closed
    raise RuntimeError('Event loop is closed')
RuntimeError: Event loop is closed
[2026-04-10 20:17:23] ERROR bots.base.decorator 80408 [main_bot] Unhandled error in handler sales_enter_address
Traceback (most recent call last):
  File "/Users/muhammadali/Desktop/Jobs/oscar-order-system/bots/base/decorator.py", line 80, in wrapper
    await handler_func(sender, *args, **kwargs)
  File "/Users/muhammadali/Desktop/Jobs/oscar-order-system/bots/main_bot/handlers/sales.py", line 234, in sales_enter_address
    date_avail = await _build_date_availability()
                 ^^^^^^^^^^^^^^^^^^^^^^^^^^^^^^^^
  File "/Users/muhammadali/Desktop/Jobs/oscar-order-system/bots/main_bot/handlers/sales.py", line 441, in _build_date_availability
    async for row in Order.objects.filter(
  File "/Users/muhammadali/Desktop/Jobs/oscar-order-system/.venv/lib/python3.12/site-packages/django/db/models/query.py", line 564, in aiterator
    async for item in self._iterable_class(
  File "/Users/muhammadali/Desktop/Jobs/oscar-order-system/.venv/lib/python3.12/site-packages/django/db/models/query.py", line 58, in _async_generator
    sync_generator = self.__iter__()
                     ^^^^^^^^^^^^^^^
  File "/Users/muhammadali/Desktop/Jobs/oscar-order-system/.venv/lib/python3.12/site-packages/django/db/models/query.py", line 246, in __iter__
    return compiler.results_iter(
           ^^^^^^^^^^^^^^^^^^^^^^
  File "/Users/muhammadali/Desktop/Jobs/oscar-order-system/.venv/lib/python3.12/site-packages/django/db/models/sql/compiler.py", line 1513, in results_iter
    results = self.execute_sql(
              ^^^^^^^^^^^^^^^^^
  File "/Users/muhammadali/Desktop/Jobs/oscar-order-system/.venv/lib/python3.12/site-packages/django/db/models/sql/compiler.py", line 1558, in execute_sql
    cursor = self.connection.chunked_cursor()
             ^^^^^^^^^^^^^^^^^^^^^^^^^^^^^^^^
  File "/Users/muhammadali/Desktop/Jobs/oscar-order-system/.venv/lib/python3.12/site-packages/django/db/backends/base/base.py", line 684, in chunked_cursor
    return self.cursor()
           ^^^^^^^^^^^^^
  File "/Users/muhammadali/Desktop/Jobs/oscar-order-system/.venv/lib/python3.12/site-packages/django/utils/asyncio.py", line 24, in inner
    raise SynchronousOnlyOperation(message)
django.core.exceptions.SynchronousOnlyOperation: You cannot call this from an async context - use a thread or sync_to_async.
[2026-04-10 20:22:04] ERROR bots.base.decorator 83461 [main_bot] Unhandled error in handler sales_enter_address
Traceback (most recent call last):
  File "/Users/muhammadali/Desktop/Jobs/oscar-order-system/bots/base/decorator.py", line 80, in wrapper
    await handler_func(sender, *args, **kwargs)
  File "/Users/muhammadali/Desktop/Jobs/oscar-order-system/bots/main_bot/handlers/sales.py", line 235, in sales_enter_address
    date_avail = await _build_date_availability()
                 ^^^^^^^^^^^^^^^^^^^^^^^^^^^^^^^^
  File "/Users/muhammadali/Desktop/Jobs/oscar-order-system/bots/main_bot/handlers/sales.py", line 442, in _build_date_availability
    async for row in Order.objects.filter(
  File "/Users/muhammadali/Desktop/Jobs/oscar-order-system/.venv/lib/python3.12/site-packages/django/db/models/query.py", line 564, in aiterator
    async for item in self._iterable_class(
  File "/Users/muhammadali/Desktop/Jobs/oscar-order-system/.venv/lib/python3.12/site-packages/django/db/models/query.py", line 58, in _async_generator
    sync_generator = self.__iter__()
                     ^^^^^^^^^^^^^^^
  File "/Users/muhammadali/Desktop/Jobs/oscar-order-system/.venv/lib/python3.12/site-packages/django/db/models/query.py", line 246, in __iter__
    return compiler.results_iter(
           ^^^^^^^^^^^^^^^^^^^^^^
  File "/Users/muhammadali/Desktop/Jobs/oscar-order-system/.venv/lib/python3.12/site-packages/django/db/models/sql/compiler.py", line 1513, in results_iter
    results = self.execute_sql(
              ^^^^^^^^^^^^^^^^^
  File "/Users/muhammadali/Desktop/Jobs/oscar-order-system/.venv/lib/python3.12/site-packages/django/db/models/sql/compiler.py", line 1558, in execute_sql
    cursor = self.connection.chunked_cursor()
             ^^^^^^^^^^^^^^^^^^^^^^^^^^^^^^^^
  File "/Users/muhammadali/Desktop/Jobs/oscar-order-system/.venv/lib/python3.12/site-packages/django/db/backends/base/base.py", line 684, in chunked_cursor
    return self.cursor()
           ^^^^^^^^^^^^^
  File "/Users/muhammadali/Desktop/Jobs/oscar-order-system/.venv/lib/python3.12/site-packages/django/utils/asyncio.py", line 24, in inner
    raise SynchronousOnlyOperation(message)
django.core.exceptions.SynchronousOnlyOperation: You cannot call this from an async context - use a thread or sync_to_async.
[2026-04-10 20:26:53] ERROR bots.base.decorator 85664 [main_bot] Unhandled error in handler sales_enter_address
Traceback (most recent call last):
  File "/Users/muhammadali/Desktop/Jobs/oscar-order-system/bots/base/decorator.py", line 80, in wrapper
    await handler_func(sender, *args, **kwargs)
  File "/Users/muhammadali/Desktop/Jobs/oscar-order-system/bots/main_bot/handlers/sales.py", line 235, in sales_enter_address
    date_avail = await _build_date_availability()
                 ^^^^^^^^^^^^^^^^^^^^^^^^^^^^^^^^
  File "/Users/muhammadali/Desktop/Jobs/oscar-order-system/bots/main_bot/handlers/sales.py", line 443, in _build_date_availability
    orders = await Order.objects.filter(
             ^^^^^^^^^^^^^^^^^^^^^^^^^^^
TypeError: object async_generator can't be used in 'await' expression
[2026-04-10 20:28:26] ERROR bots.base.decorator 86349 [main_bot] Unhandled error in handler sales_enter_address
Traceback (most recent call last):
  File "/Users/muhammadali/Desktop/Jobs/oscar-order-system/bots/base/decorator.py", line 80, in wrapper
    await handler_func(sender, *args, **kwargs)
  File "/Users/muhammadali/Desktop/Jobs/oscar-order-system/bots/main_bot/handlers/sales.py", line 235, in sales_enter_address
    date_avail = await _build_date_availability()
                 ^^^^^^^^^^^^^^^^^^^^^^^^^^^^^^^^
  File "/Users/muhammadali/Desktop/Jobs/oscar-order-system/bots/main_bot/handlers/sales.py", line 453, in _build_date_availability
    orders = [row async for row in orders.aiterator()]  # materialize to avoid multiple DB hits
             ^^^^^^^^^^^^^^^^^^^^^^^^^^^^^^^^^^^^^^^^^
  File "/Users/muhammadali/Desktop/Jobs/oscar-order-system/.venv/lib/python3.12/site-packages/django/db/models/query.py", line 564, in aiterator
    async for item in self._iterable_class(
  File "/Users/muhammadali/Desktop/Jobs/oscar-order-system/.venv/lib/python3.12/site-packages/django/db/models/query.py", line 58, in _async_generator
    sync_generator = self.__iter__()
                     ^^^^^^^^^^^^^^^
  File "/Users/muhammadali/Desktop/Jobs/oscar-order-system/.venv/lib/python3.12/site-packages/django/db/models/query.py", line 246, in __iter__
    return compiler.results_iter(
           ^^^^^^^^^^^^^^^^^^^^^^
  File "/Users/muhammadali/Desktop/Jobs/oscar-order-system/.venv/lib/python3.12/site-packages/django/db/models/sql/compiler.py", line 1513, in results_iter
    results = self.execute_sql(
              ^^^^^^^^^^^^^^^^^
  File "/Users/muhammadali/Desktop/Jobs/oscar-order-system/.venv/lib/python3.12/site-packages/django/db/models/sql/compiler.py", line 1558, in execute_sql
    cursor = self.connection.chunked_cursor()
             ^^^^^^^^^^^^^^^^^^^^^^^^^^^^^^^^
  File "/Users/muhammadali/Desktop/Jobs/oscar-order-system/.venv/lib/python3.12/site-packages/django/db/backends/base/base.py", line 684, in chunked_cursor
    return self.cursor()
           ^^^^^^^^^^^^^
  File "/Users/muhammadali/Desktop/Jobs/oscar-order-system/.venv/lib/python3.12/site-packages/django/utils/asyncio.py", line 24, in inner
    raise SynchronousOnlyOperation(message)
django.core.exceptions.SynchronousOnlyOperation: You cannot call this from an async context - use a thread or sync_to_async.
[2026-04-10 20:30:11] ERROR bots.base.decorator 87085 [main_bot] Unhandled error in handler sales_enter_address
Traceback (most recent call last):
  File "/Users/muhammadali/Desktop/Jobs/oscar-order-system/bots/base/decorator.py", line 80, in wrapper
    await handler_func(sender, *args, **kwargs)
  File "/Users/muhammadali/Desktop/Jobs/oscar-order-system/bots/main_bot/handlers/sales.py", line 235, in sales_enter_address
    date_avail = await _build_date_availability()
                 ^^^^^^^^^^^^^^^^^^^^^^^^^^^^^^^^
  File "/Users/muhammadali/Desktop/Jobs/oscar-order-system/bots/main_bot/handlers/sales.py", line 446, in _build_date_availability
    orders = Order.objects.filter(
             ^^^^^^^^^^^^^^^^^^^^^
  File "/Users/muhammadali/Desktop/Jobs/oscar-order-system/.venv/lib/python3.12/site-packages/django/db/models/manager.py", line 87, in manager_method
    return getattr(self.get_queryset(), name)(*args, **kwargs)
           ^^^^^^^^^^^^^^^^^^^^^^^^^^^^^^^^^^^^^^^^^^^^^^^^^^^
  File "/Users/muhammadali/Desktop/Jobs/oscar-order-system/.venv/lib/python3.12/site-packages/django/db/models/query.py", line 1436, in filter
    return self._filter_or_exclude(False, args, kwargs)
           ^^^^^^^^^^^^^^^^^^^^^^^^^^^^^^^^^^^^^^^^^^^^
  File "/Users/muhammadali/Desktop/Jobs/oscar-order-system/.venv/lib/python3.12/site-packages/django/db/models/query.py", line 1454, in _filter_or_exclude
    clone._filter_or_exclude_inplace(negate, args, kwargs)
  File "/Users/muhammadali/Desktop/Jobs/oscar-order-system/.venv/lib/python3.12/site-packages/django/db/models/query.py", line 1461, in _filter_or_exclude_inplace
    self._query.add_q(Q(*args, **kwargs))
  File "/Users/muhammadali/Desktop/Jobs/oscar-order-system/.venv/lib/python3.12/site-packages/django/db/models/sql/query.py", line 1546, in add_q
    clause, _ = self._add_q(q_object, self.used_aliases)
                ^^^^^^^^^^^^^^^^^^^^^^^^^^^^^^^^^^^^^^^^
  File "/Users/muhammadali/Desktop/Jobs/oscar-order-system/.venv/lib/python3.12/site-packages/django/db/models/sql/query.py", line 1577, in _add_q
    child_clause, needed_inner = self.build_filter(
                                 ^^^^^^^^^^^^^^^^^^
  File "/Users/muhammadali/Desktop/Jobs/oscar-order-system/.venv/lib/python3.12/site-packages/django/db/models/sql/query.py", line 1492, in build_filter
    condition = self.build_lookup(lookups, col, value)
                ^^^^^^^^^^^^^^^^^^^^^^^^^^^^^^^^^^^^^^
  File "/Users/muhammadali/Desktop/Jobs/oscar-order-system/.venv/lib/python3.12/site-packages/django/db/models/sql/query.py", line 1306, in build_lookup
    lhs = self.try_transform(lhs, name)
          ^^^^^^^^^^^^^^^^^^^^^^^^^^^^^
  File "/Users/muhammadali/Desktop/Jobs/oscar-order-system/.venv/lib/python3.12/site-packages/django/db/models/sql/query.py", line 1357, in try_transform
    raise FieldError(
django.core.exceptions.FieldError: Unsupported lookup 'date' for DateField or join on the field not permitted.
[2026-04-10 20:32:35] ERROR bots.base.decorator 88145 [main_bot] Unhandled error in handler sales_enter_address
Traceback (most recent call last):
  File "/Users/muhammadali/Desktop/Jobs/oscar-order-system/bots/base/decorator.py", line 80, in wrapper
    await handler_func(sender, *args, **kwargs)
  File "/Users/muhammadali/Desktop/Jobs/oscar-order-system/bots/main_bot/handlers/sales.py", line 235, in sales_enter_address
    date_avail = await _build_date_availability()
                 ^^^^^^^^^^^^^^^^^^^^^^^^^^^^^^^^
  File "/Users/muhammadali/Desktop/Jobs/oscar-order-system/bots/main_bot/handlers/sales.py", line 447, in _build_date_availability
    async for visit_date_raw, slot, agro_id in Order.objects.filter(
  File "/Users/muhammadali/Desktop/Jobs/oscar-order-system/.venv/lib/python3.12/site-packages/django/db/models/query.py", line 564, in aiterator
    async for item in self._iterable_class(
  File "/Users/muhammadali/Desktop/Jobs/oscar-order-system/.venv/lib/python3.12/site-packages/django/db/models/query.py", line 58, in _async_generator
    sync_generator = self.__iter__()
                     ^^^^^^^^^^^^^^^
  File "/Users/muhammadali/Desktop/Jobs/oscar-order-system/.venv/lib/python3.12/site-packages/django/db/models/query.py", line 246, in __iter__
    return compiler.results_iter(
           ^^^^^^^^^^^^^^^^^^^^^^
  File "/Users/muhammadali/Desktop/Jobs/oscar-order-system/.venv/lib/python3.12/site-packages/django/db/models/sql/compiler.py", line 1513, in results_iter
    results = self.execute_sql(
              ^^^^^^^^^^^^^^^^^
  File "/Users/muhammadali/Desktop/Jobs/oscar-order-system/.venv/lib/python3.12/site-packages/django/db/models/sql/compiler.py", line 1558, in execute_sql
    cursor = self.connection.chunked_cursor()
             ^^^^^^^^^^^^^^^^^^^^^^^^^^^^^^^^
  File "/Users/muhammadali/Desktop/Jobs/oscar-order-system/.venv/lib/python3.12/site-packages/django/db/backends/base/base.py", line 684, in chunked_cursor
    return self.cursor()
           ^^^^^^^^^^^^^
  File "/Users/muhammadali/Desktop/Jobs/oscar-order-system/.venv/lib/python3.12/site-packages/django/utils/asyncio.py", line 24, in inner
    raise SynchronousOnlyOperation(message)
django.core.exceptions.SynchronousOnlyOperation: You cannot call this from an async context - use a thread or sync_to_async.
[2026-04-10 20:33:51] ERROR bots.base.decorator 88695 [main_bot] Unhandled error in handler sales_enter_address
Traceback (most recent call last):
  File "/Users/muhammadali/Desktop/Jobs/oscar-order-system/bots/base/decorator.py", line 80, in wrapper
    await handler_func(sender, *args, **kwargs)
  File "/Users/muhammadali/Desktop/Jobs/oscar-order-system/bots/main_bot/handlers/sales.py", line 235, in sales_enter_address
    date_avail = await _build_date_availability()
                 ^^^^^^^^^^^^^^^^^^^^^^^^^^^^^^^^
  File "/Users/muhammadali/Desktop/Jobs/oscar-order-system/bots/main_bot/handlers/sales.py", line 447, in _build_date_availability
    async for visit_date_raw, slot, agro_id in Order.objects.filter(
  File "/Users/muhammadali/Desktop/Jobs/oscar-order-system/.venv/lib/python3.12/site-packages/django/db/models/query.py", line 564, in aiterator
    async for item in self._iterable_class(
  File "/Users/muhammadali/Desktop/Jobs/oscar-order-system/.venv/lib/python3.12/site-packages/django/db/models/query.py", line 58, in _async_generator
    sync_generator = self.__iter__()
                     ^^^^^^^^^^^^^^^
  File "/Users/muhammadali/Desktop/Jobs/oscar-order-system/.venv/lib/python3.12/site-packages/django/db/models/query.py", line 246, in __iter__
    return compiler.results_iter(
           ^^^^^^^^^^^^^^^^^^^^^^
  File "/Users/muhammadali/Desktop/Jobs/oscar-order-system/.venv/lib/python3.12/site-packages/django/db/models/sql/compiler.py", line 1513, in results_iter
    results = self.execute_sql(
              ^^^^^^^^^^^^^^^^^
  File "/Users/muhammadali/Desktop/Jobs/oscar-order-system/.venv/lib/python3.12/site-packages/django/db/models/sql/compiler.py", line 1558, in execute_sql
    cursor = self.connection.chunked_cursor()
             ^^^^^^^^^^^^^^^^^^^^^^^^^^^^^^^^
  File "/Users/muhammadali/Desktop/Jobs/oscar-order-system/.venv/lib/python3.12/site-packages/django/db/backends/base/base.py", line 684, in chunked_cursor
    return self.cursor()
           ^^^^^^^^^^^^^
  File "/Users/muhammadali/Desktop/Jobs/oscar-order-system/.venv/lib/python3.12/site-packages/django/utils/asyncio.py", line 24, in inner
    raise SynchronousOnlyOperation(message)
django.core.exceptions.SynchronousOnlyOperation: You cannot call this from an async context - use a thread or sync_to_async.
[2026-04-10 20:35:23] ERROR bots.base.decorator 89372 [main_bot] Unhandled error in handler sales_enter_address
Traceback (most recent call last):
  File "/Users/muhammadali/Desktop/Jobs/oscar-order-system/bots/base/decorator.py", line 80, in wrapper
    await handler_func(sender, *args, **kwargs)
  File "/Users/muhammadali/Desktop/Jobs/oscar-order-system/bots/main_bot/handlers/sales.py", line 235, in sales_enter_address
    date_avail = await _build_date_availability()
                 ^^^^^^^^^^^^^^^^^^^^^^^^^^^^^^^^
  File "/Users/muhammadali/Desktop/Jobs/oscar-order-system/bots/main_bot/handlers/sales.py", line 456, in _build_date_availability
    ).values_list("visit_date", "time_slot", "agronomist_id").alist()
                                                              ^^^^^
AttributeError: 'QuerySet' object has no attribute 'alist'. Did you mean: 'alast'?
[2026-04-10 20:37:52] ERROR bots.base.decorator 90287 [main_bot] Unhandled error in handler sales_enter_address
Traceback (most recent call last):
  File "/Users/muhammadali/Desktop/Jobs/oscar-order-system/bots/base/decorator.py", line 80, in wrapper
    await handler_func(sender, *args, **kwargs)
  File "/Users/muhammadali/Desktop/Jobs/oscar-order-system/bots/main_bot/handlers/sales.py", line 235, in sales_enter_address
    date_avail = await _build_date_availability()
                 ^^^^^^^^^^^^^^^^^^^^^^^^^^^^^^^^
  File "/Users/muhammadali/Desktop/Jobs/oscar-order-system/bots/main_bot/handlers/sales.py", line 446, in _build_date_availability
    rows = await Order.objects.filter(
           ^^^^^^^^^^^^^^^^^^^^^^^^^^^
TypeError: object async_generator can't be used in 'await' expression
[2026-04-10 20:39:35] ERROR bots.base.decorator 91356 [main_bot] Unhandled error in handler sales_start
Traceback (most recent call last):
  File "/Users/muhammadali/Desktop/Jobs/oscar-order-system/bots/base/decorator.py", line 80, in wrapper
    await handler_func(sender, *args, **kwargs)
  File "/Users/muhammadali/Desktop/Jobs/oscar-order-system/bots/main_bot/handlers/sales.py", line 49, in sales_start
    date_avail = await _build_date_availability()
                 ^^^^^^^^^^^^^^^^^^^^^^^^^^^^^^^^
  File "/Users/muhammadali/Desktop/Jobs/oscar-order-system/bots/main_bot/handlers/sales.py", line 460, in _build_date_availability
    async for visit_date_raw, slot, agro_id in rows:
  File "/Users/muhammadali/Desktop/Jobs/oscar-order-system/.venv/lib/python3.12/site-packages/django/db/models/query.py", line 564, in aiterator
    async for item in self._iterable_class(
  File "/Users/muhammadali/Desktop/Jobs/oscar-order-system/.venv/lib/python3.12/site-packages/django/db/models/query.py", line 58, in _async_generator
    sync_generator = self.__iter__()
                     ^^^^^^^^^^^^^^^
  File "/Users/muhammadali/Desktop/Jobs/oscar-order-system/.venv/lib/python3.12/site-packages/django/db/models/query.py", line 246, in __iter__
    return compiler.results_iter(
           ^^^^^^^^^^^^^^^^^^^^^^
  File "/Users/muhammadali/Desktop/Jobs/oscar-order-system/.venv/lib/python3.12/site-packages/django/db/models/sql/compiler.py", line 1513, in results_iter
    results = self.execute_sql(
              ^^^^^^^^^^^^^^^^^
  File "/Users/muhammadali/Desktop/Jobs/oscar-order-system/.venv/lib/python3.12/site-packages/django/db/models/sql/compiler.py", line 1558, in execute_sql
    cursor = self.connection.chunked_cursor()
             ^^^^^^^^^^^^^^^^^^^^^^^^^^^^^^^^
  File "/Users/muhammadali/Desktop/Jobs/oscar-order-system/.venv/lib/python3.12/site-packages/django/db/backends/base/base.py", line 684, in chunked_cursor
    return self.cursor()
           ^^^^^^^^^^^^^
  File "/Users/muhammadali/Desktop/Jobs/oscar-order-system/.venv/lib/python3.12/site-packages/django/utils/asyncio.py", line 24, in inner
    raise SynchronousOnlyOperation(message)
django.core.exceptions.SynchronousOnlyOperation: You cannot call this from an async context - use a thread or sync_to_async.
